0 info it worked if it ends with ok
1 verbose cli [ 'node', '/usr/local/bin/npm', 'start' ]
2 info using npm@2.14.2
3 info using node@v0.12.7
4 verbose node symlink /usr/local/bin/node
5 verbose run-script [ 'prestart', 'start', 'poststart' ]
6 info prestart node-js-getting-started@0.1.5
7 info start node-js-getting-started@0.1.5
8 verbose unsafe-perm in lifecycle true
9 info node-js-getting-started@0.1.5 Failed to exec start script
10 verbose stack Error: node-js-getting-started@0.1.5 start: `NODE_ENV=production server.js`
10 verbose stack spawn ENOENT
10 verbose stack     at ChildProcess.<anonymous> (/usr/local/lib/node_modules/npm/lib/utils/spawn.js:17:16)
10 verbose stack     at ChildProcess.emit (events.js:110:17)
10 verbose stack     at maybeClose (child_process.js:1015:16)
10 verbose stack     at Process.ChildProcess._handle.onexit (child_process.js:1087:5)
11 verbose pkgid node-js-getting-started@0.1.5
12 verbose cwd /Users/parry/repos/charon-peacehack
13 error Darwin 14.5.0
14 error argv "node" "/usr/local/bin/npm" "start"
15 error node v0.12.7
16 error npm  v2.14.2
17 error file sh
18 error code ELIFECYCLE
19 error errno ENOENT
20 error syscall spawn
21 error node-js-getting-started@0.1.5 start: `NODE_ENV=production server.js`
21 error spawn ENOENT
22 error Failed at the node-js-getting-started@0.1.5 start script 'NODE_ENV=production server.js'.
22 error This is most likely a problem with the node-js-getting-started package,
22 error not with npm itself.
22 error Tell the author that this fails on your system:
22 error     NODE_ENV=production server.js
22 error You can get their info via:
22 error     npm owner ls node-js-getting-started
22 error There is likely additional logging output above.
23 verbose exit [ 1, true ]
